c:\users\ding\documents\oscpack_1_1_0\oscpack.dir\debug\oscpack.pdb
c:\users\ding\documents\oscpack_1_1_0\oscpack.dir\debug\oscoutboundpacketstream.obj
c:\users\ding\documents\oscpack_1_1_0\oscpack.dir\debug\oscprintreceivedelements.obj
c:\users\ding\documents\oscpack_1_1_0\oscpack.dir\debug\oscreceivedelements.obj
c:\users\ding\documents\oscpack_1_1_0\oscpack.dir\debug\osctypes.obj
c:\users\ding\documents\oscpack_1_1_0\oscpack.dir\debug\udpsocket.obj
c:\users\ding\documents\oscpack_1_1_0\oscpack.dir\debug\networkingutils.obj
c:\users\ding\documents\oscpack_1_1_0\oscpack.dir\debug\ipendpointname.obj
c:\users\ding\documents\oscpack_1_1_0\cmakefiles\generate.stamp
c:\users\ding\documents\oscpack_1_1_0\debug\oscpack.lib
c:\users\ding\documents\github\openface\lib\local\oscpack_1_1_0\oscpack.dir\debug\ipendpointname.obj
c:\users\ding\documents\github\openface\lib\local\oscpack_1_1_0\oscpack.dir\debug\networkingutils.obj
c:\users\ding\documents\github\openface\lib\local\oscpack_1_1_0\oscpack.dir\debug\oscoutboundpacketstream.obj
c:\users\ding\documents\github\openface\lib\local\oscpack_1_1_0\oscpack.dir\debug\oscprintreceivedelements.obj
c:\users\ding\documents\github\openface\lib\local\oscpack_1_1_0\oscpack.dir\debug\oscreceivedelements.obj
c:\users\ding\documents\github\openface\lib\local\oscpack_1_1_0\oscpack.dir\debug\osctypes.obj
c:\users\ding\documents\github\openface\lib\local\oscpack_1_1_0\oscpack.dir\debug\udpsocket.obj
c:\users\ding\documents\github\openface\lib\local\oscpack_1_1_0\oscpack.dir\debug\oscpack.pdb
c:\users\ding\documents\oscpack_1_1_0\debug\oscpack.pdb
c:\users\ding\documents\github\openface\lib\local\oscpack_1_1_0\oscpack.dir\debug\oscpack.tlog\cl.command.1.tlog
c:\users\ding\documents\github\openface\lib\local\oscpack_1_1_0\oscpack.dir\debug\oscpack.tlog\cl.read.1.tlog
c:\users\ding\documents\github\openface\lib\local\oscpack_1_1_0\oscpack.dir\debug\oscpack.tlog\cl.write.1.tlog
c:\users\ding\documents\github\openface\lib\local\oscpack_1_1_0\oscpack.dir\debug\oscpack.tlog\custombuild.command.1.tlog
c:\users\ding\documents\github\openface\lib\local\oscpack_1_1_0\oscpack.dir\debug\oscpack.tlog\custombuild.read.1.tlog
c:\users\ding\documents\github\openface\lib\local\oscpack_1_1_0\oscpack.dir\debug\oscpack.tlog\custombuild.write.1.tlog
c:\users\ding\documents\github\openface\lib\local\oscpack_1_1_0\oscpack.dir\debug\oscpack.tlog\lib-link.read.1.tlog
c:\users\ding\documents\github\openface\lib\local\oscpack_1_1_0\oscpack.dir\debug\oscpack.tlog\lib-link.write.1.tlog
c:\users\ding\documents\github\openface\lib\local\oscpack_1_1_0\oscpack.dir\debug\oscpack.tlog\lib.command.1.tlog
